[debug] [2020-03-09T07:43:22.287Z] ----------------------------------------------------------------------
[debug] [2020-03-09T07:43:22.289Z] Command:       /usr/bin/node /usr/local/bin/firebase use --add
[debug] [2020-03-09T07:43:22.289Z] CLI Version:   7.12.1
[debug] [2020-03-09T07:43:22.289Z] Platform:      linux
[debug] [2020-03-09T07:43:22.289Z] Node Version:  v12.14.1
[debug] [2020-03-09T07:43:22.289Z] Time:          Mon Mar 09 2020 13:13:22 GMT+0530 (India Standard Time)
[debug] [2020-03-09T07:43:22.289Z] ----------------------------------------------------------------------
[debug] [2020-03-09T07:43:22.289Z] 
[debug] [2020-03-09T07:43:22.296Z] > command requires scopes: ["email","openid","https://www.googleapis.com/auth/cloudplatformprojects.readonly","https://www.googleapis.com/auth/firebase","https://www.googleapis.com/auth/cloud-platform"]
[debug] [2020-03-09T07:43:22.296Z] > authorizing via signed-in user
[debug] [2020-03-09T07:43:22.299Z] >>> HTTP REQUEST GET https://firebase.googleapis.com/v1beta1/projects?pageSize=1000  
 
[debug] [2020-03-09T07:43:22.935Z] <<< HTTP RESPONSE 200
[debug] [2020-03-09T08:06:30.393Z] TypeError: Cannot read property 'setRawMode' of null
    at ReadStream.setRawMode (tty.js:71:28)
    at Interface._setRawMode (readline.js:276:16)
    at Interface.close (readline.js:399:10)
    at ReadStream.ontermend (readline.js:187:10)
    at ReadStream.emit (events.js:228:7)
    at ReadStream.EventEmitter.emit (domain.js:475:20)
    at endReadableNT (_stream_readable.js:1185:12)
    at processTicksAndRejections (internal/process/task_queues.js:81:21)
[error] 
[error] Error: An unexpected error has occurred.
